<?xml version="1.0" encoding="UTF-8"?>
<testng-results ignored="0" total="1" passed="1" failed="0" skipped="0">
  <reporter-output>
  </reporter-output>
  <suite started-at="2026-05-12T14:39:54 IST" name="Default suite" finished-at="2026-05-12T14:39:58 IST" duration-ms="3565">
    <groups>
    </groups>
    <test started-at="2026-05-12T14:39:54 IST" name="Default test" finished-at="2026-05-12T14:39:58 IST" duration-ms="3565">
      <class name="com.api.test.CreateJobApiTest">
        <test-method signature="createJobApiTest()[pri:0, instance:com.api.test.CreateJobApiTest@31304f14]" started-at="2026-05-12T14:39:54 IST" name="createJobApiTest" finished-at="2026-05-12T14:39:58 IST" duration-ms="3520" status="PASS">
          <reporter-output>
          </reporter-output>
        </test-method> <!-- createJobApiTest -->
      </class> <!-- com.api.test.CreateJobApiTest -->
    </test> <!-- Default test -->
  </suite> <!-- Default suite -->
</testng-results>
