<?xml version="1.0" encoding="UTF-8"?>
<testng-results ignored="0" total="1" passed="1" failed="0" skipped="0">
  <reporter-output>
  </reporter-output>
  <suite started-at="2026-07-04T15:26:28 IST" name="Default suite" finished-at="2026-07-04T15:26:33 IST" duration-ms="4831">
    <groups>
      <group name="regression">
        <method signature="CreateJobApiWithDBValidationTest.createJobApiTest()[pri:0, instance:com.api.test.CreateJobApiWithDBValidationTest@4b2bac3f]" name="createJobApiTest" class="com.api.test.CreateJobApiWithDBValidationTest"/>
      </group> <!-- regression -->
      <group name="smoke">
        <method signature="CreateJobApiWithDBValidationTest.createJobApiTest()[pri:0, instance:com.api.test.CreateJobApiWithDBValidationTest@4b2bac3f]" name="createJobApiTest" class="com.api.test.CreateJobApiWithDBValidationTest"/>
      </group> <!-- smoke -->
      <group name="api">
        <method signature="CreateJobApiWithDBValidationTest.createJobApiTest()[pri:0, instance:com.api.test.CreateJobApiWithDBValidationTest@4b2bac3f]" name="createJobApiTest" class="com.api.test.CreateJobApiWithDBValidationTest"/>
      </group> <!-- api -->
    </groups>
    <test started-at="2026-07-04T15:26:28 IST" name="Default test" finished-at="2026-07-04T15:26:33 IST" duration-ms="4831">
      <class name="com.api.test.CreateJobApiWithDBValidationTest">
        <test-method is-config="true" signature="setUp()[pri:0, instance:com.api.test.CreateJobApiWithDBValidationTest@4b2bac3f]" started-at="2026-07-04T15:26:28 IST" name="setUp" description="create create job api payload and intializing JobService" finished-at="2026-07-04T15:26:28 IST" duration-ms="12" status="PASS">
          <reporter-output>
          </reporter-output>
        </test-method> <!-- setUp -->
        <test-method signature="createJobApiTest()[pri:0, instance:com.api.test.CreateJobApiWithDBValidationTest@4b2bac3f]" started-at="2026-07-04T15:26:28 IST" name="createJobApiTest" description="verifying if create job api is able to create inwarranty job" finished-at="2026-07-04T15:26:33 IST" duration-ms="4786" status="PASS">
          <reporter-output>
          </reporter-output>
        </test-method> <!-- createJobApiTest -->
      </class> <!-- com.api.test.CreateJobApiWithDBValidationTest -->
    </test> <!-- Default test -->
  </suite> <!-- Default suite -->
</testng-results>
