<?xml version="1.0" encoding="UTF-8"?>
<!-- Generated by org.testng.reporters.JUnitReportReporter -->
<testsuite hostname="TXCHD-LAP-165" failures="1" tests="1" name="com.api.test.LoginApiTest" time="3.103" errors="0" timestamp="2026-05-05T12:52:14 IST" skipped="0">
  <testcase classname="com.api.test.LoginApiTest" name="loginApiTest" time="3.103">
    <failure message="1 expectation failed.
Expected response time was not a value less than &lt;1000L&gt; milliseconds, was 1310 milliseconds (1310 milliseconds)." type="java.lang.AssertionError">
      <![CDATA[java.lang.AssertionError: 1 expectation failed.
Expected response time was not a value less than <1000L> milliseconds, was 1310 milliseconds (1310 milliseconds).
at org.codehaus.groovy.vmplugin.v8.IndyInterface.fromCache(IndyInterface.java:344)
at io.restassured.internal.ResponseSpecificationImpl$HamcrestAssertionClosure.validate(ResponseSpecificationImpl.groovy:516)
at org.codehaus.groovy.vmplugin.v8.IndyInterface.fromCache(IndyInterface.java:344)
at io.restassured.internal.ResponseSpecificationImpl.validateResponseIfRequired(ResponseSpecificationImpl.groovy:714)
at org.codehaus.groovy.vmplugin.v8.IndyInterface.fromCache(IndyInterface.java:344)
at io.restassured.internal.ResponseSpecificationImpl.time(ResponseSpecificationImpl.groovy:131)
at io.restassured.internal.ValidatableResponseOptionsImpl.time(ValidatableResponseOptionsImpl.java:409)
at io.restassured.internal.ValidatableResponseOptionsImpl.time(ValidatableResponseOptionsImpl.java:405)
at com.api.test.LoginApiTest.loginApiTest(LoginApiTest.java:33)
at java.base/jdk.internal.reflect.DirectMethodHandleAccessor.invoke(DirectMethodHandleAccessor.java:103)
at java.base/java.lang.reflect.Method.invoke(Method.java:580)
at org.testng.internal.invokers.MethodInvocationHelper.invokeMethod(MethodInvocationHelper.java:141)
at org.testng.internal.invokers.TestInvoker.invokeMethod(TestInvoker.java:697)
at org.testng.internal.invokers.TestInvoker.invokeTestMethod(TestInvoker.java:230)
at org.testng.internal.invokers.MethodRunner.runInSequence(MethodRunner.java:63)
at org.testng.internal.invokers.TestInvoker$MethodInvocationAgent.invoke(TestInvoker.java:1005)
at org.testng.internal.invokers.TestInvoker.invokeTestMethods(TestInvoker.java:203)
at org.testng.internal.invokers.TestMethodWorker.invokeTestMethods(TestMethodWorker.java:154)
at org.testng.internal.invokers.TestMethodWorker.run(TestMethodWorker.java:134)
at java.base/java.util.ArrayList.forEach(ArrayList.java:1596)
at org.testng.TestRunner.privateRun(TestRunner.java:744)
at org.testng.TestRunner.run(TestRunner.java:616)
at org.testng.SuiteRunner.runTest(SuiteRunner.java:421)
at org.testng.SuiteRunner.runSequentially(SuiteRunner.java:413)
at org.testng.SuiteRunner.privateRun(SuiteRunner.java:373)
at org.testng.SuiteRunner.run(SuiteRunner.java:312)
at org.testng.SuiteRunnerWorker.runSuite(SuiteRunnerWorker.java:52)
at org.testng.SuiteRunnerWorker.run(SuiteRunnerWorker.java:95)
at org.testng.TestNG.runSuitesSequentially(TestNG.java:1274)
at org.testng.TestNG.runSuitesLocally(TestNG.java:1208)
at org.testng.TestNG.runSuites(TestNG.java:1112)
at org.testng.TestNG.run(TestNG.java:1079)
at org.testng.remote.AbstractRemoteTestNG.run(AbstractRemoteTestNG.java:115)
at org.testng.remote.RemoteTestNG.initAndRun(RemoteTestNG.java:293)
at org.testng.remote.RemoteTestNG.main(RemoteTestNG.java:91)
]]>
    </failure>
  </testcase> <!-- loginApiTest -->
</testsuite> <!-- com.api.test.LoginApiTest -->
